<?xml version="1.0" encoding="UTF-8"?>
<testsuite xmlns:xsi="http://www.w3.org/2001/XMLSchema-instance" xsi:noNamespaceSchemaLocation="https://maven.apache.org/surefire/maven-surefire-plugin/xsd/surefire-test-report.xsd" name="project.repository.SaloonRepositoryTest" time="1.673" tests="5" errors="0" skipped="0" failures="0">
  <properties>
    <property name="sun.desktop" value="windows"/>
    <property name="awt.toolkit" value="sun.awt.windows.WToolkit"/>
    <property name="file.encoding.pkg" value="sun.io"/>
    <property name="java.specification.version" value="1.8"/>
    <property name="sun.cpu.isalist" value="amd64"/>
    <property name="sun.jnu.encoding" value="Cp1252"/>
    <property name="java.class.path" value="C:\Users\joaoc\Desktop\TQS\tqs-final-project\target\test-classes;C:\Users\joaoc\Desktop\TQS\tqs-final-project\target\classes;C:\Users\joaoc\.m2\repository\org\springframework\boot\spring-boot-starter-web\2.2.2.RELEASE\spring-boot-starter-web-2.2.2.RELEASE.jar;C:\Users\joaoc\.m2\repository\org\springframework\boot\spring-boot-starter\2.2.2.RELEASE\spring-boot-starter-2.2.2.RELEASE.jar;C:\Users\joaoc\.m2\repository\org\springframework\boot\spring-boot\2.2.2.RELEASE\spring-boot-2.2.2.RELEASE.jar;C:\Users\joaoc\.m2\repository\org\springframework\boot\spring-boot-autoconfigure\2.2.2.RELEASE\spring-boot-autoconfigure-2.2.2.RELEASE.jar;C:\Users\joaoc\.m2\repository\org\springframework\boot\spring-boot-starter-logging\2.2.2.RELEASE\spring-boot-starter-logging-2.2.2.RELEASE.jar;C:\Users\joaoc\.m2\repository\ch\qos\logback\logback-classic\1.2.3\logback-classic-1.2.3.jar;C:\Users\joaoc\.m2\repository\ch\qos\logback\logback-core\1.2.3\logback-core-1.2.3.jar;C:\Users\joaoc\.m2\repository\org\apache\logging\log4j\log4j-to-slf4j\2.12.1\log4j-to-slf4j-2.12.1.jar;C:\Users\joaoc\.m2\repository\org\apache\logging\log4j\log4j-api\2.12.1\log4j-api-2.12.1.jar;C:\Users\joaoc\.m2\repository\org\slf4j\jul-to-slf4j\1.7.29\jul-to-slf4j-1.7.29.jar;C:\Users\joaoc\.m2\repository\jakarta\annotation\jakarta.annotation-api\1.3.5\jakarta.annotation-api-1.3.5.jar;C:\Users\joaoc\.m2\repository\org\yaml\snakeyaml\1.25\snakeyaml-1.25.jar;C:\Users\joaoc\.m2\repository\org\springframework\boot\spring-boot-starter-json\2.2.2.RELEASE\spring-boot-starter-json-2.2.2.RELEASE.jar;C:\Users\joaoc\.m2\repository\com\fasterxml\jackson\core\jackson-databind\2.10.1\jackson-databind-2.10.1.jar;C:\Users\joaoc\.m2\repository\com\fasterxml\jackson\core\jackson-core\2.10.1\jackson-core-2.10.1.jar;C:\Users\joaoc\.m2\repository\com\fasterxml\jackson\datatype\jackson-datatype-jdk8\2.10.1\jackson-datatype-jdk8-2.10.1.jar;C:\Users\joaoc\.m2\repository\com\fasterxml\jackson\datatype\jackson-datatype-jsr310\2.10.1\jackson-datatype-jsr310-2.10.1.jar;C:\Users\joaoc\.m2\repository\com\fasterxml\jackson\module\jackson-module-parameter-names\2.10.1\jackson-module-parameter-names-2.10.1.jar;C:\Users\joaoc\.m2\repository\org\springframework\boot\spring-boot-starter-tomcat\2.2.2.RELEASE\spring-boot-starter-tomcat-2.2.2.RELEASE.jar;C:\Users\joaoc\.m2\repository\org\apache\tomcat\embed\tomcat-embed-core\9.0.29\tomcat-embed-core-9.0.29.jar;C:\Users\joaoc\.m2\repository\org\apache\tomcat\embed\tomcat-embed-el\9.0.29\tomcat-embed-el-9.0.29.jar;C:\Users\joaoc\.m2\repository\org\apache\tomcat\embed\tomcat-embed-websocket\9.0.29\tomcat-embed-websocket-9.0.29.jar;C:\Users\joaoc\.m2\repository\org\springframework\boot\spring-boot-starter-validation\2.2.2.RELEASE\spring-boot-starter-validation-2.2.2.RELEASE.jar;C:\Users\joaoc\.m2\repository\jakarta\validation\jakarta.validation-api\2.0.1\jakarta.validation-api-2.0.1.jar;C:\Users\joaoc\.m2\repository\org\hibernate\validator\hibernate-validator\6.0.18.Final\hibernate-validator-6.0.18.Final.jar;C:\Users\joaoc\.m2\repository\org\springframework\spring-web\5.2.2.RELEASE\spring-web-5.2.2.RELEASE.jar;C:\Users\joaoc\.m2\repository\org\springframework\spring-beans\5.2.2.RELEASE\spring-beans-5.2.2.RELEASE.jar;C:\Users\joaoc\.m2\repository\org\springframework\spring-webmvc\5.2.2.RELEASE\spring-webmvc-5.2.2.RELEASE.jar;C:\Users\joaoc\.m2\repository\org\springframework\spring-aop\5.2.2.RELEASE\spring-aop-5.2.2.RELEASE.jar;C:\Users\joaoc\.m2\repository\org\springframework\spring-context\5.2.2.RELEASE\spring-context-5.2.2.RELEASE.jar;C:\Users\joaoc\.m2\repository\org\springframework\spring-expression\5.2.2.RELEASE\spring-expression-5.2.2.RELEASE.jar;C:\Users\joaoc\.m2\repository\org\springframework\boot\spring-boot-starter-test\2.2.2.RELEASE\spring-boot-starter-test-2.2.2.RELEASE.jar;C:\Users\joaoc\.m2\repository\org\springframework\boot\spring-boot-test\2.2.2.RELEASE\spring-boot-test-2.2.2.RELEASE.jar;C:\Users\joaoc\.m2\repository\org\springframework\boot\spring-boot-test-autoconfigure\2.2.2.RELEASE\spring-boot-test-autoconfigure-2.2.2.RELEASE.jar;C:\Users\joaoc\.m2\repository\com\jayway\jsonpath\json-path\2.4.0\json-path-2.4.0.jar;C:\Users\joaoc\.m2\repository\net\minidev\json-smart\2.3\json-smart-2.3.jar;C:\Users\joaoc\.m2\repository\net\minidev\accessors-smart\1.2\accessors-smart-1.2.jar;C:\Users\joaoc\.m2\repository\org\ow2\asm\asm\5.0.4\asm-5.0.4.jar;C:\Users\joaoc\.m2\repository\jakarta\xml\bind\jakarta.xml.bind-api\2.3.2\jakarta.xml.bind-api-2.3.2.jar;C:\Users\joaoc\.m2\repository\org\junit\jupiter\junit-jupiter\5.5.2\junit-jupiter-5.5.2.jar;C:\Users\joaoc\.m2\repository\org\junit\jupiter\junit-jupiter-api\5.5.2\junit-jupiter-api-5.5.2.jar;C:\Users\joaoc\.m2\repository\org\junit\jupiter\junit-jupiter-params\5.5.2\junit-jupiter-params-5.5.2.jar;C:\Users\joaoc\.m2\repository\org\junit\jupiter\junit-jupiter-engine\5.5.2\junit-jupiter-engine-5.5.2.jar;C:\Users\joaoc\.m2\repository\org\mockito\mockito-junit-jupiter\3.1.0\mockito-junit-jupiter-3.1.0.jar;C:\Users\joaoc\.m2\repository\org\assertj\assertj-core\3.13.2\assertj-core-3.13.2.jar;C:\Users\joaoc\.m2\repository\org\hamcrest\hamcrest\2.1\hamcrest-2.1.jar;C:\Users\joaoc\.m2\repository\org\mockito\mockito-core\3.1.0\mockito-core-3.1.0.jar;C:\Users\joaoc\.m2\repository\net\bytebuddy\byte-buddy\1.10.4\byte-buddy-1.10.4.jar;C:\Users\joaoc\.m2\repository\net\bytebuddy\byte-buddy-agent\1.10.4\byte-buddy-agent-1.10.4.jar;C:\Users\joaoc\.m2\repository\org\objenesis\objenesis\2.6\objenesis-2.6.jar;C:\Users\joaoc\.m2\repository\org\skyscreamer\jsonassert\1.5.0\jsonassert-1.5.0.jar;C:\Users\joaoc\.m2\repository\com\vaadin\external\google\android-json\0.0.20131108.vaadin1\android-json-0.0.20131108.vaadin1.jar;C:\Users\joaoc\.m2\repository\org\springframework\spring-core\5.2.2.RELEASE\spring-core-5.2.2.RELEASE.jar;C:\Users\joaoc\.m2\repository\org\springframework\spring-jcl\5.2.2.RELEASE\spring-jcl-5.2.2.RELEASE.jar;C:\Users\joaoc\.m2\repository\org\springframework\spring-test\5.2.2.RELEASE\spring-test-5.2.2.RELEASE.jar;C:\Users\joaoc\.m2\repository\org\xmlunit\xmlunit-core\2.6.3\xmlunit-core-2.6.3.jar;C:\Users\joaoc\.m2\repository\io\springfox\springfox-swagger2\2.6.1\springfox-swagger2-2.6.1.jar;C:\Users\joaoc\.m2\repository\io\swagger\swagger-annotations\1.5.10\swagger-annotations-1.5.10.jar;C:\Users\joaoc\.m2\repository\io\swagger\swagger-models\1.5.10\swagger-models-1.5.10.jar;C:\Users\joaoc\.m2\repository\com\fasterxml\jackson\core\jackson-annotations\2.10.1\jackson-annotations-2.10.1.jar;C:\Users\joaoc\.m2\repository\io\springfox\springfox-spi\2.6.1\springfox-spi-2.6.1.jar;C:\Users\joaoc\.m2\repository\io\springfox\springfox-core\2.6.1\springfox-core-2.6.1.jar;C:\Users\joaoc\.m2\repository\io\springfox\springfox-schema\2.6.1\springfox-schema-2.6.1.jar;C:\Users\joaoc\.m2\repository\io\springfox\springfox-swagger-common\2.6.1\springfox-swagger-common-2.6.1.jar;C:\Users\joaoc\.m2\repository\io\springfox\springfox-spring-web\2.6.1\springfox-spring-web-2.6.1.jar;C:\Users\joaoc\.m2\repository\com\google\guava\guava\18.0\guava-18.0.jar;C:\Users\joaoc\.m2\repository\com\fasterxml\classmate\1.5.1\classmate-1.5.1.jar;C:\Users\joaoc\.m2\repository\org\slf4j\slf4j-api\1.7.29\slf4j-api-1.7.29.jar;C:\Users\joaoc\.m2\repository\org\springframework\plugin\spring-plugin-core\1.2.0.RELEASE\spring-plugin-core-1.2.0.RELEASE.jar;C:\Users\joaoc\.m2\repository\org\springframework\plugin\spring-plugin-metadata\1.2.0.RELEASE\spring-plugin-metadata-1.2.0.RELEASE.jar;C:\Users\joaoc\.m2\repository\org\mapstruct\mapstruct\1.0.0.Final\mapstruct-1.0.0.Final.jar;C:\Users\joaoc\.m2\repository\io\springfox\springfox-swagger-ui\2.6.1\springfox-swagger-ui-2.6.1.jar;C:\Users\joaoc\.m2\repository\com\h2database\h2\1.4.200\h2-1.4.200.jar;C:\Users\joaoc\.m2\repository\org\springframework\boot\spring-boot-starter-thymeleaf\2.2.2.RELEASE\spring-boot-starter-thymeleaf-2.2.2.RELEASE.jar;C:\Users\joaoc\.m2\repository\org\thymeleaf\thymeleaf-spring5\3.0.11.RELEASE\thymeleaf-spring5-3.0.11.RELEASE.jar;C:\Users\joaoc\.m2\repository\org\thymeleaf\thymeleaf\3.0.11.RELEASE\thymeleaf-3.0.11.RELEASE.jar;C:\Users\joaoc\.m2\repository\org\attoparser\attoparser\2.0.5.RELEASE\attoparser-2.0.5.RELEASE.jar;C:\Users\joaoc\.m2\repository\org\unbescape\unbescape\1.1.6.RELEASE\unbescape-1.1.6.RELEASE.jar;C:\Users\joaoc\.m2\repository\org\thymeleaf\extras\thymeleaf-extras-java8time\3.0.4.RELEASE\thymeleaf-extras-java8time-3.0.4.RELEASE.jar;C:\Users\joaoc\.m2\repository\org\springframework\boot\spring-boot-starter-data-jpa\2.2.2.RELEASE\spring-boot-starter-data-jpa-2.2.2.RELEASE.jar;C:\Users\joaoc\.m2\repository\org\springframework\boot\spring-boot-starter-aop\2.2.2.RELEASE\spring-boot-starter-aop-2.2.2.RELEASE.jar;C:\Users\joaoc\.m2\repository\org\aspectj\aspectjweaver\1.9.5\aspectjweaver-1.9.5.jar;C:\Users\joaoc\.m2\repository\org\springframework\boot\spring-boot-starter-jdbc\2.2.2.RELEASE\spring-boot-starter-jdbc-2.2.2.RELEASE.jar;C:\Users\joaoc\.m2\repository\com\zaxxer\HikariCP\3.4.1\HikariCP-3.4.1.jar;C:\Users\joaoc\.m2\repository\org\springframework\spring-jdbc\5.2.2.RELEASE\spring-jdbc-5.2.2.RELEASE.jar;C:\Users\joaoc\.m2\repository\jakarta\activation\jakarta.activation-api\1.2.1\jakarta.activation-api-1.2.1.jar;C:\Users\joaoc\.m2\repository\jakarta\persistence\jakarta.persistence-api\2.2.3\jakarta.persistence-api-2.2.3.jar;C:\Users\joaoc\.m2\repository\jakarta\transaction\jakarta.transaction-api\1.3.3\jakarta.transaction-api-1.3.3.jar;C:\Users\joaoc\.m2\repository\org\hibernate\hibernate-core\5.4.9.Final\hibernate-core-5.4.9.Final.jar;C:\Users\joaoc\.m2\repository\org\jboss\logging\jboss-logging\3.4.1.Final\jboss-logging-3.4.1.Final.jar;C:\Users\joaoc\.m2\repository\org\javassist\javassist\3.24.0-GA\javassist-3.24.0-GA.jar;C:\Users\joaoc\.m2\repository\antlr\antlr\2.7.7\antlr-2.7.7.jar;C:\Users\joaoc\.m2\repository\org\jboss\jandex\2.1.1.Final\jandex-2.1.1.Final.jar;C:\Users\joaoc\.m2\repository\org\dom4j\dom4j\2.1.1\dom4j-2.1.1.jar;C:\Users\joaoc\.m2\repository\org\hibernate\common\hibernate-commons-annotations\5.1.0.Final\hibernate-commons-annotations-5.1.0.Final.jar;C:\Users\joaoc\.m2\repository\org\glassfish\jaxb\jaxb-runtime\2.3.2\jaxb-runtime-2.3.2.jar;C:\Users\joaoc\.m2\repository\org\glassfish\jaxb\txw2\2.3.2\txw2-2.3.2.jar;C:\Users\joaoc\.m2\repository\com\sun\istack\istack-commons-runtime\3.0.8\istack-commons-runtime-3.0.8.jar;C:\Users\joaoc\.m2\repository\org\jvnet\staxex\stax-ex\1.8.1\stax-ex-1.8.1.jar;C:\Users\joaoc\.m2\repository\com\sun\xml\fastinfoset\FastInfoset\1.2.16\FastInfoset-1.2.16.jar;C:\Users\joaoc\.m2\repository\org\springframework\data\spring-data-jpa\2.2.3.RELEASE\spring-data-jpa-2.2.3.RELEASE.jar;C:\Users\joaoc\.m2\repository\org\springframework\data\spring-data-commons\2.2.3.RELEASE\spring-data-commons-2.2.3.RELEASE.jar;C:\Users\joaoc\.m2\repository\org\springframework\spring-orm\5.2.2.RELEASE\spring-orm-5.2.2.RELEASE.jar;C:\Users\joaoc\.m2\repository\org\springframework\spring-tx\5.2.2.RELEASE\spring-tx-5.2.2.RELEASE.jar;C:\Users\joaoc\.m2\repository\org\springframework\spring-aspects\5.2.2.RELEASE\spring-aspects-5.2.2.RELEASE.jar;C:\Users\joaoc\.m2\repository\org\projectlombok\lombok\1.18.10\lombok-1.18.10.jar;C:\Users\joaoc\.m2\repository\org\postgresql\postgresql\42.2.8\postgresql-42.2.8.jar;C:\Users\joaoc\.m2\repository\junit\junit\4.12\junit-4.12.jar;C:\Users\joaoc\.m2\repository\org\hamcrest\hamcrest-core\2.1\hamcrest-core-2.1.jar;C:\Users\joaoc\.m2\repository\org\junit\vintage\junit-vintage-engine\5.5.2\junit-vintage-engine-5.5.2.jar;C:\Users\joaoc\.m2\repository\org\apiguardian\apiguardian-api\1.1.0\apiguardian-api-1.1.0.jar;C:\Users\joaoc\.m2\repository\org\junit\platform\junit-platform-engine\1.5.2\junit-platform-engine-1.5.2.jar;C:\Users\joaoc\.m2\repository\org\opentest4j\opentest4j\1.2.0\opentest4j-1.2.0.jar;C:\Users\joaoc\.m2\repository\org\junit\platform\junit-platform-commons\1.5.2\junit-platform-commons-1.5.2.jar;C:\Users\joaoc\.m2\repository\org\mockito\mockito-all\1.10.19\mockito-all-1.10.19.jar;C:\Users\joaoc\.m2\repository\org\springframework\security\spring-security-test\5.3.2.RELEASE\spring-security-test-5.3.2.RELEASE.jar;C:\Users\joaoc\.m2\repository\org\springframework\security\spring-security-core\5.2.1.RELEASE\spring-security-core-5.2.1.RELEASE.jar;C:\Users\joaoc\.m2\repository\org\springframework\security\spring-security-web\5.2.1.RELEASE\spring-security-web-5.2.1.RELEASE.jar;C:\Users\joaoc\.m2\repository\com\github\eirslett\frontend-maven-plugin\1.10.0\frontend-maven-plugin-1.10.0.jar;C:\Users\joaoc\.m2\repository\com\github\eirslett\frontend-plugin-core\1.10.0\frontend-plugin-core-1.10.0.jar;C:\Users\joaoc\.m2\repository\org\codehaus\jackson\jackson-mapper-asl\1.9.13\jackson-mapper-asl-1.9.13.jar;C:\Users\joaoc\.m2\repository\org\codehaus\jackson\jackson-core-asl\1.9.13\jackson-core-asl-1.9.13.jar;C:\Users\joaoc\.m2\repository\org\apache\commons\commons-compress\1.19\commons-compress-1.19.jar;C:\Users\joaoc\.m2\repository\commons-io\commons-io\1.3.2\commons-io-1.3.2.jar;C:\Users\joaoc\.m2\repository\org\apache\commons\commons-exec\1.3\commons-exec-1.3.jar;C:\Users\joaoc\.m2\repository\org\apache\httpcomponents\httpclient\4.5.10\httpclient-4.5.10.jar;C:\Users\joaoc\.m2\repository\org\apache\httpcomponents\httpcore\4.4.12\httpcore-4.4.12.jar;C:\Users\joaoc\.m2\repository\commons-codec\commons-codec\1.13\commons-codec-1.13.jar;C:\Users\joaoc\.m2\repository\org\apache\maven\maven-plugin-api\3.5.0\maven-plugin-api-3.5.0.jar;C:\Users\joaoc\.m2\repository\org\apache\maven\maven-model\3.5.0\maven-model-3.5.0.jar;C:\Users\joaoc\.m2\repository\org\apache\commons\commons-lang3\3.9\commons-lang3-3.9.jar;C:\Users\joaoc\.m2\repository\org\eclipse\sisu\org.eclipse.sisu.plexus\0.3.3\org.eclipse.sisu.plexus-0.3.3.jar;C:\Users\joaoc\.m2\repository\javax\enterprise\cdi-api\1.0\cdi-api-1.0.jar;C:\Users\joaoc\.m2\repository\javax\annotation\jsr250-api\1.0\jsr250-api-1.0.jar;C:\Users\joaoc\.m2\repository\javax\inject\javax.inject\1\javax.inject-1.jar;C:\Users\joaoc\.m2\repository\org\eclipse\sisu\org.eclipse.sisu.inject\0.3.3\org.eclipse.sisu.inject-0.3.3.jar;C:\Users\joaoc\.m2\repository\org\codehaus\plexus\plexus-component-annotations\1.5.5\plexus-component-annotations-1.5.5.jar;C:\Users\joaoc\.m2\repository\org\codehaus\plexus\plexus-classworlds\2.5.2\plexus-classworlds-2.5.2.jar;C:\Users\joaoc\.m2\repository\org\apache\maven\plugin-tools\maven-plugin-annotations\3.2\maven-plugin-annotations-3.2.jar;C:\Users\joaoc\.m2\repository\org\sonatype\plexus\plexus-build-api\0.0.7\plexus-build-api-0.0.7.jar;C:\Users\joaoc\.m2\repository\org\apache\maven\plugins\maven-antrun-plugin\1.8\maven-antrun-plugin-1.8.jar;C:\Users\joaoc\.m2\repository\org\apache\maven\maven-project\2.2.1\maven-project-2.2.1.jar;C:\Users\joaoc\.m2\repository\org\apache\maven\maven-settings\2.2.1\maven-settings-2.2.1.jar;C:\Users\joaoc\.m2\repository\org\apache\maven\maven-profile\2.2.1\maven-profile-2.2.1.jar;C:\Users\joaoc\.m2\repository\org\apache\maven\maven-artifact-manager\2.2.1\maven-artifact-manager-2.2.1.jar;C:\Users\joaoc\.m2\repository\org\apache\maven\maven-repository-metadata\2.2.1\maven-repository-metadata-2.2.1.jar;C:\Users\joaoc\.m2\repository\org\apache\maven\wagon\wagon-provider-api\1.0-beta-6\wagon-provider-api-1.0-beta-6.jar;C:\Users\joaoc\.m2\repository\backport-util-concurrent\backport-util-concurrent\3.1\backport-util-concurrent-3.1.jar;C:\Users\joaoc\.m2\repository\org\apache\maven\maven-plugin-registry\2.2.1\maven-plugin-registry-2.2.1.jar;C:\Users\joaoc\.m2\repository\org\codehaus\plexus\plexus-interpolation\1.11\plexus-interpolation-1.11.jar;C:\Users\joaoc\.m2\repository\org\codehaus\plexus\plexus-container-default\1.0-alpha-9-stable-1\plexus-container-default-1.0-alpha-9-stable-1.jar;C:\Users\joaoc\.m2\repository\classworlds\classworlds\1.1-alpha-2\classworlds-1.1-alpha-2.jar;C:\Users\joaoc\.m2\repository\org\apache\maven\maven-artifact\2.2.1\maven-artifact-2.2.1.jar;C:\Users\joaoc\.m2\repository\org\codehaus\plexus\plexus-utils\3.0.20\plexus-utils-3.0.20.jar;C:\Users\joaoc\.m2\repository\org\apache\ant\ant\1.9.4\ant-1.9.4.jar;C:\Users\joaoc\.m2\repository\org\apache\ant\ant-launcher\1.9.4\ant-launcher-1.9.4.jar;"/>
    <property name="java.vm.vendor" value="Oracle Corporation"/>
    <property name="sun.arch.data.model" value="64"/>
    <property name="user.variant" value=""/>
    <property name="java.vendor.url" value="http://java.oracle.com/"/>
    <property name="user.timezone" value="Europe/London"/>
    <property name="java.vm.specification.version" value="1.8"/>
    <property name="os.name" value="Windows 10"/>
    <property name="user.country" value="PT"/>
    <property name="sun.java.launcher" value="SUN_STANDARD"/>
    <property name="sun.boot.library.path" value="C:\Program Files\Java\jdk1.8.0_161\jre\bin"/>
    <property name="sun.java.command" value="C:\Users\joaoc\AppData\Local\Temp\surefire7019921492442013809\surefirebooter1594016280485623655.jar C:\Users\joaoc\AppData\Local\Temp\surefire7019921492442013809 2020-06-04T16-48-47_237-jvmRun1 surefire5860956010398424813tmp surefire_06728552752179783611tmp"/>
    <property name="surefire.test.class.path" value="C:\Users\joaoc\Desktop\TQS\tqs-final-project\target\test-classes;C:\Users\joaoc\Desktop\TQS\tqs-final-project\target\classes;C:\Users\joaoc\.m2\repository\org\springframework\boot\spring-boot-starter-web\2.2.2.RELEASE\spring-boot-starter-web-2.2.2.RELEASE.jar;C:\Users\joaoc\.m2\repository\org\springframework\boot\spring-boot-starter\2.2.2.RELEASE\spring-boot-starter-2.2.2.RELEASE.jar;C:\Users\joaoc\.m2\repository\org\springframework\boot\spring-boot\2.2.2.RELEASE\spring-boot-2.2.2.RELEASE.jar;C:\Users\joaoc\.m2\repository\org\springframework\boot\spring-boot-autoconfigure\2.2.2.RELEASE\spring-boot-autoconfigure-2.2.2.RELEASE.jar;C:\Users\joaoc\.m2\repository\org\springframework\boot\spring-boot-starter-logging\2.2.2.RELEASE\spring-boot-starter-logging-2.2.2.RELEASE.jar;C:\Users\joaoc\.m2\repository\ch\qos\logback\logback-classic\1.2.3\logback-classic-1.2.3.jar;C:\Users\joaoc\.m2\repository\ch\qos\logback\logback-core\1.2.3\logback-core-1.2.3.jar;C:\Users\joaoc\.m2\repository\org\apache\logging\log4j\log4j-to-slf4j\2.12.1\log4j-to-slf4j-2.12.1.jar;C:\Users\joaoc\.m2\repository\org\apache\logging\log4j\log4j-api\2.12.1\log4j-api-2.12.1.jar;C:\Users\joaoc\.m2\repository\org\slf4j\jul-to-slf4j\1.7.29\jul-to-slf4j-1.7.29.jar;C:\Users\joaoc\.m2\repository\jakarta\annotation\jakarta.annotation-api\1.3.5\jakarta.annotation-api-1.3.5.jar;C:\Users\joaoc\.m2\repository\org\yaml\snakeyaml\1.25\snakeyaml-1.25.jar;C:\Users\joaoc\.m2\repository\org\springframework\boot\spring-boot-starter-json\2.2.2.RELEASE\spring-boot-starter-json-2.2.2.RELEASE.jar;C:\Users\joaoc\.m2\repository\com\fasterxml\jackson\core\jackson-databind\2.10.1\jackson-databind-2.10.1.jar;C:\Users\joaoc\.m2\repository\com\fasterxml\jackson\core\jackson-core\2.10.1\jackson-core-2.10.1.jar;C:\Users\joaoc\.m2\repository\com\fasterxml\jackson\datatype\jackson-datatype-jdk8\2.10.1\jackson-datatype-jdk8-2.10.1.jar;C:\Users\joaoc\.m2\repository\com\fasterxml\jackson\datatype\jackson-datatype-jsr310\2.10.1\jackson-datatype-jsr310-2.10.1.jar;C:\Users\joaoc\.m2\repository\com\fasterxml\jackson\module\jackson-module-parameter-names\2.10.1\jackson-module-parameter-names-2.10.1.jar;C:\Users\joaoc\.m2\repository\org\springframework\boot\spring-boot-starter-tomcat\2.2.2.RELEASE\spring-boot-starter-tomcat-2.2.2.RELEASE.jar;C:\Users\joaoc\.m2\repository\org\apache\tomcat\embed\tomcat-embed-core\9.0.29\tomcat-embed-core-9.0.29.jar;C:\Users\joaoc\.m2\repository\org\apache\tomcat\embed\tomcat-embed-el\9.0.29\tomcat-embed-el-9.0.29.jar;C:\Users\joaoc\.m2\repository\org\apache\tomcat\embed\tomcat-embed-websocket\9.0.29\tomcat-embed-websocket-9.0.29.jar;C:\Users\joaoc\.m2\repository\org\springframework\boot\spring-boot-starter-validation\2.2.2.RELEASE\spring-boot-starter-validation-2.2.2.RELEASE.jar;C:\Users\joaoc\.m2\repository\jakarta\validation\jakarta.validation-api\2.0.1\jakarta.validation-api-2.0.1.jar;C:\Users\joaoc\.m2\repository\org\hibernate\validator\hibernate-validator\6.0.18.Final\hibernate-validator-6.0.18.Final.jar;C:\Users\joaoc\.m2\repository\org\springframework\spring-web\5.2.2.RELEASE\spring-web-5.2.2.RELEASE.jar;C:\Users\joaoc\.m2\repository\org\springframework\spring-beans\5.2.2.RELEASE\spring-beans-5.2.2.RELEASE.jar;C:\Users\joaoc\.m2\repository\org\springframework\spring-webmvc\5.2.2.RELEASE\spring-webmvc-5.2.2.RELEASE.jar;C:\Users\joaoc\.m2\repository\org\springframework\spring-aop\5.2.2.RELEASE\spring-aop-5.2.2.RELEASE.jar;C:\Users\joaoc\.m2\repository\org\springframework\spring-context\5.2.2.RELEASE\spring-context-5.2.2.RELEASE.jar;C:\Users\joaoc\.m2\repository\org\springframework\spring-expression\5.2.2.RELEASE\spring-expression-5.2.2.RELEASE.jar;C:\Users\joaoc\.m2\repository\org\springframework\boot\spring-boot-starter-test\2.2.2.RELEASE\spring-boot-starter-test-2.2.2.RELEASE.jar;C:\Users\joaoc\.m2\repository\org\springframework\boot\spring-boot-test\2.2.2.RELEASE\spring-boot-test-2.2.2.RELEASE.jar;C:\Users\joaoc\.m2\repository\org\springframework\boot\spring-boot-test-autoconfigure\2.2.2.RELEASE\spring-boot-test-autoconfigure-2.2.2.RELEASE.jar;C:\Users\joaoc\.m2\repository\com\jayway\jsonpath\json-path\2.4.0\json-path-2.4.0.jar;C:\Users\joaoc\.m2\repository\net\minidev\json-smart\2.3\json-smart-2.3.jar;C:\Users\joaoc\.m2\repository\net\minidev\accessors-smart\1.2\accessors-smart-1.2.jar;C:\Users\joaoc\.m2\repository\org\ow2\asm\asm\5.0.4\asm-5.0.4.jar;C:\Users\joaoc\.m2\repository\jakarta\xml\bind\jakarta.xml.bind-api\2.3.2\jakarta.xml.bind-api-2.3.2.jar;C:\Users\joaoc\.m2\repository\org\junit\jupiter\junit-jupiter\5.5.2\junit-jupiter-5.5.2.jar;C:\Users\joaoc\.m2\repository\org\junit\jupiter\junit-jupiter-api\5.5.2\junit-jupiter-api-5.5.2.jar;C:\Users\joaoc\.m2\repository\org\junit\jupiter\junit-jupiter-params\5.5.2\junit-jupiter-params-5.5.2.jar;C:\Users\joaoc\.m2\repository\org\junit\jupiter\junit-jupiter-engine\5.5.2\junit-jupiter-engine-5.5.2.jar;C:\Users\joaoc\.m2\repository\org\mockito\mockito-junit-jupiter\3.1.0\mockito-junit-jupiter-3.1.0.jar;C:\Users\joaoc\.m2\repository\org\assertj\assertj-core\3.13.2\assertj-core-3.13.2.jar;C:\Users\joaoc\.m2\repository\org\hamcrest\hamcrest\2.1\hamcrest-2.1.jar;C:\Users\joaoc\.m2\repository\org\mockito\mockito-core\3.1.0\mockito-core-3.1.0.jar;C:\Users\joaoc\.m2\repository\net\bytebuddy\byte-buddy\1.10.4\byte-buddy-1.10.4.jar;C:\Users\joaoc\.m2\repository\net\bytebuddy\byte-buddy-agent\1.10.4\byte-buddy-agent-1.10.4.jar;C:\Users\joaoc\.m2\repository\org\objenesis\objenesis\2.6\objenesis-2.6.jar;C:\Users\joaoc\.m2\repository\org\skyscreamer\jsonassert\1.5.0\jsonassert-1.5.0.jar;C:\Users\joaoc\.m2\repository\com\vaadin\external\google\android-json\0.0.20131108.vaadin1\android-json-0.0.20131108.vaadin1.jar;C:\Users\joaoc\.m2\repository\org\springframework\spring-core\5.2.2.RELEASE\spring-core-5.2.2.RELEASE.jar;C:\Users\joaoc\.m2\repository\org\springframework\spring-jcl\5.2.2.RELEASE\spring-jcl-5.2.2.RELEASE.jar;C:\Users\joaoc\.m2\repository\org\springframework\spring-test\5.2.2.RELEASE\spring-test-5.2.2.RELEASE.jar;C:\Users\joaoc\.m2\repository\org\xmlunit\xmlunit-core\2.6.3\xmlunit-core-2.6.3.jar;C:\Users\joaoc\.m2\repository\io\springfox\springfox-swagger2\2.6.1\springfox-swagger2-2.6.1.jar;C:\Users\joaoc\.m2\repository\io\swagger\swagger-annotations\1.5.10\swagger-annotations-1.5.10.jar;C:\Users\joaoc\.m2\repository\io\swagger\swagger-models\1.5.10\swagger-models-1.5.10.jar;C:\Users\joaoc\.m2\repository\com\fasterxml\jackson\core\jackson-annotations\2.10.1\jackson-annotations-2.10.1.jar;C:\Users\joaoc\.m2\repository\io\springfox\springfox-spi\2.6.1\springfox-spi-2.6.1.jar;C:\Users\joaoc\.m2\repository\io\springfox\springfox-core\2.6.1\springfox-core-2.6.1.jar;C:\Users\joaoc\.m2\repository\io\springfox\springfox-schema\2.6.1\springfox-schema-2.6.1.jar;C:\Users\joaoc\.m2\repository\io\springfox\springfox-swagger-common\2.6.1\springfox-swagger-common-2.6.1.jar;C:\Users\joaoc\.m2\repository\io\springfox\springfox-spring-web\2.6.1\springfox-spring-web-2.6.1.jar;C:\Users\joaoc\.m2\repository\com\google\guava\guava\18.0\guava-18.0.jar;C:\Users\joaoc\.m2\repository\com\fasterxml\classmate\1.5.1\classmate-1.5.1.jar;C:\Users\joaoc\.m2\repository\org\slf4j\slf4j-api\1.7.29\slf4j-api-1.7.29.jar;C:\Users\joaoc\.m2\repository\org\springframework\plugin\spring-plugin-core\1.2.0.RELEASE\spring-plugin-core-1.2.0.RELEASE.jar;C:\Users\joaoc\.m2\repository\org\springframework\plugin\spring-plugin-metadata\1.2.0.RELEASE\spring-plugin-metadata-1.2.0.RELEASE.jar;C:\Users\joaoc\.m2\repository\org\mapstruct\mapstruct\1.0.0.Final\mapstruct-1.0.0.Final.jar;C:\Users\joaoc\.m2\repository\io\springfox\springfox-swagger-ui\2.6.1\springfox-swagger-ui-2.6.1.jar;C:\Users\joaoc\.m2\repository\com\h2database\h2\1.4.200\h2-1.4.200.jar;C:\Users\joaoc\.m2\repository\org\springframework\boot\spring-boot-starter-thymeleaf\2.2.2.RELEASE\spring-boot-starter-thymeleaf-2.2.2.RELEASE.jar;C:\Users\joaoc\.m2\repository\org\thymeleaf\thymeleaf-spring5\3.0.11.RELEASE\thymeleaf-spring5-3.0.11.RELEASE.jar;C:\Users\joaoc\.m2\repository\org\thymeleaf\thymeleaf\3.0.11.RELEASE\thymeleaf-3.0.11.RELEASE.jar;C:\Users\joaoc\.m2\repository\org\attoparser\attoparser\2.0.5.RELEASE\attoparser-2.0.5.RELEASE.jar;C:\Users\joaoc\.m2\repository\org\unbescape\unbescape\1.1.6.RELEASE\unbescape-1.1.6.RELEASE.jar;C:\Users\joaoc\.m2\repository\org\thymeleaf\extras\thymeleaf-extras-java8time\3.0.4.RELEASE\thymeleaf-extras-java8time-3.0.4.RELEASE.jar;C:\Users\joaoc\.m2\repository\org\springframework\boot\spring-boot-starter-data-jpa\2.2.2.RELEASE\spring-boot-starter-data-jpa-2.2.2.RELEASE.jar;C:\Users\joaoc\.m2\repository\org\springframework\boot\spring-boot-starter-aop\2.2.2.RELEASE\spring-boot-starter-aop-2.2.2.RELEASE.jar;C:\Users\joaoc\.m2\repository\org\aspectj\aspectjweaver\1.9.5\aspectjweaver-1.9.5.jar;C:\Users\joaoc\.m2\repository\org\springframework\boot\spring-boot-starter-jdbc\2.2.2.RELEASE\spring-boot-starter-jdbc-2.2.2.RELEASE.jar;C:\Users\joaoc\.m2\repository\com\zaxxer\HikariCP\3.4.1\HikariCP-3.4.1.jar;C:\Users\joaoc\.m2\repository\org\springframework\spring-jdbc\5.2.2.RELEASE\spring-jdbc-5.2.2.RELEASE.jar;C:\Users\joaoc\.m2\repository\jakarta\activation\jakarta.activation-api\1.2.1\jakarta.activation-api-1.2.1.jar;C:\Users\joaoc\.m2\repository\jakarta\persistence\jakarta.persistence-api\2.2.3\jakarta.persistence-api-2.2.3.jar;C:\Users\joaoc\.m2\repository\jakarta\transaction\jakarta.transaction-api\1.3.3\jakarta.transaction-api-1.3.3.jar;C:\Users\joaoc\.m2\repository\org\hibernate\hibernate-core\5.4.9.Final\hibernate-core-5.4.9.Final.jar;C:\Users\joaoc\.m2\repository\org\jboss\logging\jboss-logging\3.4.1.Final\jboss-logging-3.4.1.Final.jar;C:\Users\joaoc\.m2\repository\org\javassist\javassist\3.24.0-GA\javassist-3.24.0-GA.jar;C:\Users\joaoc\.m2\repository\antlr\antlr\2.7.7\antlr-2.7.7.jar;C:\Users\joaoc\.m2\repository\org\jboss\jandex\2.1.1.Final\jandex-2.1.1.Final.jar;C:\Users\joaoc\.m2\repository\org\dom4j\dom4j\2.1.1\dom4j-2.1.1.jar;C:\Users\joaoc\.m2\repository\org\hibernate\common\hibernate-commons-annotations\5.1.0.Final\hibernate-commons-annotations-5.1.0.Final.jar;C:\Users\joaoc\.m2\repository\org\glassfish\jaxb\jaxb-runtime\2.3.2\jaxb-runtime-2.3.2.jar;C:\Users\joaoc\.m2\repository\org\glassfish\jaxb\txw2\2.3.2\txw2-2.3.2.jar;C:\Users\joaoc\.m2\repository\com\sun\istack\istack-commons-runtime\3.0.8\istack-commons-runtime-3.0.8.jar;C:\Users\joaoc\.m2\repository\org\jvnet\staxex\stax-ex\1.8.1\stax-ex-1.8.1.jar;C:\Users\joaoc\.m2\repository\com\sun\xml\fastinfoset\FastInfoset\1.2.16\FastInfoset-1.2.16.jar;C:\Users\joaoc\.m2\repository\org\springframework\data\spring-data-jpa\2.2.3.RELEASE\spring-data-jpa-2.2.3.RELEASE.jar;C:\Users\joaoc\.m2\repository\org\springframework\data\spring-data-commons\2.2.3.RELEASE\spring-data-commons-2.2.3.RELEASE.jar;C:\Users\joaoc\.m2\repository\org\springframework\spring-orm\5.2.2.RELEASE\spring-orm-5.2.2.RELEASE.jar;C:\Users\joaoc\.m2\repository\org\springframework\spring-tx\5.2.2.RELEASE\spring-tx-5.2.2.RELEASE.jar;C:\Users\joaoc\.m2\repository\org\springframework\spring-aspects\5.2.2.RELEASE\spring-aspects-5.2.2.RELEASE.jar;C:\Users\joaoc\.m2\repository\org\projectlombok\lombok\1.18.10\lombok-1.18.10.jar;C:\Users\joaoc\.m2\repository\org\postgresql\postgresql\42.2.8\postgresql-42.2.8.jar;C:\Users\joaoc\.m2\repository\junit\junit\4.12\junit-4.12.jar;C:\Users\joaoc\.m2\repository\org\hamcrest\hamcrest-core\2.1\hamcrest-core-2.1.jar;C:\Users\joaoc\.m2\repository\org\junit\vintage\junit-vintage-engine\5.5.2\junit-vintage-engine-5.5.2.jar;C:\Users\joaoc\.m2\repository\org\apiguardian\apiguardian-api\1.1.0\apiguardian-api-1.1.0.jar;C:\Users\joaoc\.m2\repository\org\junit\platform\junit-platform-engine\1.5.2\junit-platform-engine-1.5.2.jar;C:\Users\joaoc\.m2\repository\org\opentest4j\opentest4j\1.2.0\opentest4j-1.2.0.jar;C:\Users\joaoc\.m2\repository\org\junit\platform\junit-platform-commons\1.5.2\junit-platform-commons-1.5.2.jar;C:\Users\joaoc\.m2\repository\org\mockito\mockito-all\1.10.19\mockito-all-1.10.19.jar;C:\Users\joaoc\.m2\repository\org\springframework\security\spring-security-test\5.3.2.RELEASE\spring-security-test-5.3.2.RELEASE.jar;C:\Users\joaoc\.m2\repository\org\springframework\security\spring-security-core\5.2.1.RELEASE\spring-security-core-5.2.1.RELEASE.jar;C:\Users\joaoc\.m2\repository\org\springframework\security\spring-security-web\5.2.1.RELEASE\spring-security-web-5.2.1.RELEASE.jar;C:\Users\joaoc\.m2\repository\com\github\eirslett\frontend-maven-plugin\1.10.0\frontend-maven-plugin-1.10.0.jar;C:\Users\joaoc\.m2\repository\com\github\eirslett\frontend-plugin-core\1.10.0\frontend-plugin-core-1.10.0.jar;C:\Users\joaoc\.m2\repository\org\codehaus\jackson\jackson-mapper-asl\1.9.13\jackson-mapper-asl-1.9.13.jar;C:\Users\joaoc\.m2\repository\org\codehaus\jackson\jackson-core-asl\1.9.13\jackson-core-asl-1.9.13.jar;C:\Users\joaoc\.m2\repository\org\apache\commons\commons-compress\1.19\commons-compress-1.19.jar;C:\Users\joaoc\.m2\repository\commons-io\commons-io\1.3.2\commons-io-1.3.2.jar;C:\Users\joaoc\.m2\repository\org\apache\commons\commons-exec\1.3\commons-exec-1.3.jar;C:\Users\joaoc\.m2\repository\org\apache\httpcomponents\httpclient\4.5.10\httpclient-4.5.10.jar;C:\Users\joaoc\.m2\repository\org\apache\httpcomponents\httpcore\4.4.12\httpcore-4.4.12.jar;C:\Users\joaoc\.m2\repository\commons-codec\commons-codec\1.13\commons-codec-1.13.jar;C:\Users\joaoc\.m2\repository\org\apache\maven\maven-plugin-api\3.5.0\maven-plugin-api-3.5.0.jar;C:\Users\joaoc\.m2\repository\org\apache\maven\maven-model\3.5.0\maven-model-3.5.0.jar;C:\Users\joaoc\.m2\repository\org\apache\commons\commons-lang3\3.9\commons-lang3-3.9.jar;C:\Users\joaoc\.m2\repository\org\eclipse\sisu\org.eclipse.sisu.plexus\0.3.3\org.eclipse.sisu.plexus-0.3.3.jar;C:\Users\joaoc\.m2\repository\javax\enterprise\cdi-api\1.0\cdi-api-1.0.jar;C:\Users\joaoc\.m2\repository\javax\annotation\jsr250-api\1.0\jsr250-api-1.0.jar;C:\Users\joaoc\.m2\repository\javax\inject\javax.inject\1\javax.inject-1.jar;C:\Users\joaoc\.m2\repository\org\eclipse\sisu\org.eclipse.sisu.inject\0.3.3\org.eclipse.sisu.inject-0.3.3.jar;C:\Users\joaoc\.m2\repository\org\codehaus\plexus\plexus-component-annotations\1.5.5\plexus-component-annotations-1.5.5.jar;C:\Users\joaoc\.m2\repository\org\codehaus\plexus\plexus-classworlds\2.5.2\plexus-classworlds-2.5.2.jar;C:\Users\joaoc\.m2\repository\org\apache\maven\plugin-tools\maven-plugin-annotations\3.2\maven-plugin-annotations-3.2.jar;C:\Users\joaoc\.m2\repository\org\sonatype\plexus\plexus-build-api\0.0.7\plexus-build-api-0.0.7.jar;C:\Users\joaoc\.m2\repository\org\apache\maven\plugins\maven-antrun-plugin\1.8\maven-antrun-plugin-1.8.jar;C:\Users\joaoc\.m2\repository\org\apache\maven\maven-project\2.2.1\maven-project-2.2.1.jar;C:\Users\joaoc\.m2\repository\org\apache\maven\maven-settings\2.2.1\maven-settings-2.2.1.jar;C:\Users\joaoc\.m2\repository\org\apache\maven\maven-profile\2.2.1\maven-profile-2.2.1.jar;C:\Users\joaoc\.m2\repository\org\apache\maven\maven-artifact-manager\2.2.1\maven-artifact-manager-2.2.1.jar;C:\Users\joaoc\.m2\repository\org\apache\maven\maven-repository-metadata\2.2.1\maven-repository-metadata-2.2.1.jar;C:\Users\joaoc\.m2\repository\org\apache\maven\wagon\wagon-provider-api\1.0-beta-6\wagon-provider-api-1.0-beta-6.jar;C:\Users\joaoc\.m2\repository\backport-util-concurrent\backport-util-concurrent\3.1\backport-util-concurrent-3.1.jar;C:\Users\joaoc\.m2\repository\org\apache\maven\maven-plugin-registry\2.2.1\maven-plugin-registry-2.2.1.jar;C:\Users\joaoc\.m2\repository\org\codehaus\plexus\plexus-interpolation\1.11\plexus-interpolation-1.11.jar;C:\Users\joaoc\.m2\repository\org\codehaus\plexus\plexus-container-default\1.0-alpha-9-stable-1\plexus-container-default-1.0-alpha-9-stable-1.jar;C:\Users\joaoc\.m2\repository\classworlds\classworlds\1.1-alpha-2\classworlds-1.1-alpha-2.jar;C:\Users\joaoc\.m2\repository\org\apache\maven\maven-artifact\2.2.1\maven-artifact-2.2.1.jar;C:\Users\joaoc\.m2\repository\org\codehaus\plexus\plexus-utils\3.0.20\plexus-utils-3.0.20.jar;C:\Users\joaoc\.m2\repository\org\apache\ant\ant\1.9.4\ant-1.9.4.jar;C:\Users\joaoc\.m2\repository\org\apache\ant\ant-launcher\1.9.4\ant-launcher-1.9.4.jar;"/>
    <property name="sun.cpu.endian" value="little"/>
    <property name="user.home" value="C:\Users\joaoc"/>
    <property name="user.language" value="pt"/>
    <property name="java.specification.vendor" value="Oracle Corporation"/>
    <property name="java.home" value="C:\Program Files\Java\jdk1.8.0_161\jre"/>
    <property name="basedir" value="C:\Users\joaoc\Desktop\TQS\tqs-final-project"/>
    <property name="file.separator" value="\"/>
    <property name="line.separator" value="&#10;"/>
    <property name="java.vm.specification.vendor" value="Oracle Corporation"/>
    <property name="java.specification.name" value="Java Platform API Specification"/>
    <property name="java.awt.graphicsenv" value="sun.awt.Win32GraphicsEnvironment"/>
    <property name="surefire.real.class.path" value="C:\Users\joaoc\AppData\Local\Temp\surefire7019921492442013809\surefirebooter1594016280485623655.jar;C:\\Users\\joaoc\\.m2\\repository\\org\\jacoco\\org.jacoco.agent\\0.8.5\\org.jacoco.agent-0.8.5-runtime.jar"/>
    <property name="sun.boot.class.path" value="C:\Program Files\Java\jdk1.8.0_161\jre\lib\resources.jar;C:\Program Files\Java\jdk1.8.0_161\jre\lib\rt.jar;C:\Program Files\Java\jdk1.8.0_161\jre\lib\sunrsasign.jar;C:\Program Files\Java\jdk1.8.0_161\jre\lib\jsse.jar;C:\Program Files\Java\jdk1.8.0_161\jre\lib\jce.jar;C:\Program Files\Java\jdk1.8.0_161\jre\lib\charsets.jar;C:\Program Files\Java\jdk1.8.0_161\jre\lib\jfr.jar;C:\Program Files\Java\jdk1.8.0_161\jre\classes"/>
    <property name="user.script" value=""/>
    <property name="sun.management.compiler" value="HotSpot 64-Bit Tiered Compilers"/>
    <property name="java.runtime.version" value="1.8.0_161-b12"/>
    <property name="user.name" value="joaoc"/>
    <property name="path.separator" value=";"/>
    <property name="os.version" value="10.0"/>
    <property name="java.endorsed.dirs" value="C:\Program Files\Java\jdk1.8.0_161\jre\lib\endorsed"/>
    <property name="java.runtime.name" value="Java(TM) SE Runtime Environment"/>
    <property name="file.encoding" value="Cp1252"/>
    <property name="java.vm.name" value="Java HotSpot(TM) 64-Bit Server VM"/>
    <property name="localRepository" value="C:\Users\joaoc\.m2\repository"/>
    <property name="java.vendor.url.bug" value="http://bugreport.sun.com/bugreport/"/>
    <property name="java.io.tmpdir" value="C:\Users\joaoc\AppData\Local\Temp\"/>
    <property name="java.version" value="1.8.0_161"/>
    <property name="user.dir" value="C:\Users\joaoc\Desktop\TQS\tqs-final-project"/>
    <property name="os.arch" value="amd64"/>
    <property name="java.vm.specification.name" value="Java Virtual Machine Specification"/>
    <property name="java.awt.printerjob" value="sun.awt.windows.WPrinterJob"/>
    <property name="sun.os.patch.level" value=""/>
    <property name="java.library.path" value="C:\Program Files\Java\jdk1.8.0_161\jre\bin;C:\WINDOWS\Sun\Java\bin;C:\WINDOWS\system32;C:\WINDOWS;C:\Program Files (x86)\Common Files\Oracle\Java\javapath;C:\ProgramData\Oracle\Java\javapath;C:\Program Files (x86)\Intel\iCLS Client\;C:\Program Files\Intel\iCLS Client\;C:\Windows\system32;C:\Windows;C:\Windows\System32\Wbem;C:\Windows\System32\WindowsPowerShell\v1.0\;C:\Program Files (x86)\Intel\Intel(R) Management Engine Components\DAL;C:\Program Files\Intel\Intel(R) Management Engine Components\DAL;C:\Program Files (x86)\Intel\Intel(R) Management Engine Components\IPT;C:\Program Files\Intel\Intel(R) Management Engine Components\IPT;C:\Program Files (x86)\NVIDIA Corporation\PhysX\Common;C:\WINDOWS\system32;C:\WINDOWS;C:\WINDOWS\System32\Wbem;C:\WINDOWS\System32\WindowsPowerShell\v1.0\;C:\Program Files\Microsoft SQL Server\130\Tools\Binn\;C:\Program Files\dotnet\;C:\WINDOWS\System32\OpenSSH\;C:\Program Files\Microsoft SQL Server\Client SDK\ODBC\110\Tools\Binn\;C:\Program Files (x86)\Microsoft SQL Server\120\Tools\Binn\;C:\Program Files\Microsoft SQL Server\120\Tools\Binn\;C:\Program Files\Microsoft SQL Server\120\DTS\Binn\;C:\Program Files (x86)\Microsoft SQL Server\120\Tools\Binn\ManagementStudio\;C:\Program Files (x86)\Microsoft SQL Server\120\DTS\Binn\;C:\Program Files (x86)\Common Files\Propellerhead Software\ReWire\;C:\Program Files\Common Files\Propellerhead Software\ReWire\;C:\Program Files\nodejs\;C:\Program Files\Git\cmd;C:\Program Files\Java\jdk1.8.0_161\bin;C:\Program Files\Apache Software Foundation\apache-maven-3.6.3\bin;C:\Users\joaoc\AppData\Local\Programs\Python\Python38-32\Scripts\;C:\Users\joaoc\AppData\Local\Programs\Python\Python38-32\;C:\Users\joaoc\AppData\Local\Microsoft\WindowsApps;C:\Users\joaoc\AppData\Roaming\npm;C:\Users\joaoc\AppData\Local\Programs\Microsoft VS Code\bin;C:\src\flutter\bin;;."/>
    <property name="java.vm.info" value="mixed mode"/>
    <property name="java.vendor" value="Oracle Corporation"/>
    <property name="java.vm.version" value="25.161-b12"/>
    <property name="java.ext.dirs" value="C:\Program Files\Java\jdk1.8.0_161\jre\lib\ext;C:\WINDOWS\Sun\Java\lib\ext"/>
    <property name="sun.io.unicode.encoding" value="UnicodeLittle"/>
    <property name="java.class.version" value="52.0"/>
  </properties>
  <testcase name="deleteByName" classname="project.repository.SaloonRepositoryTest" time="0.316"/>
  <testcase name="findByNameContainsIgnoreCase" classname="project.repository.SaloonRepositoryTest" time="0.308"/>
  <testcase name="findAll" classname="project.repository.SaloonRepositoryTest" time="0.281"/>
  <testcase name="deleteAll" classname="project.repository.SaloonRepositoryTest" time="0.316"/>
  <testcase name="getSaloonById" classname="project.repository.SaloonRepositoryTest" time="0.238"/>
</testsuite>